==============================================================================
Rpa Pdf Bot                                                                   
==============================================================================
Rpa Pdf Bot.Tasks                                                             
==============================================================================
Rpa Pdf Bot.Tasks.Main                                                        
==============================================================================
Estrai contatti da pagina singola                                     | FAIL |
error: nothing to repeat at position 1
------------------------------------------------------------------------------
Rpa Pdf Bot.Tasks.Main                                                | FAIL |
1 task, 0 passed, 1 failed
==============================================================================
Rpa Pdf Bot.Tasks                                                     | FAIL |
1 task, 0 passed, 1 failed
==============================================================================
Rpa Pdf Bot                                                           | FAIL |
1 task, 0 passed, 1 failed
==============================================================================
Output:  /home/marco/rpa_pdf_bot/output/output.xml
Log:     /home/marco/rpa_pdf_bot/output/log.html
